<?xml version="1.0" encoding="UTF-8"?>
<!-- Generated by org.testng.reporters.JUnitReportReporter -->
<testsuite hostname="DESKTOP-LQ36VU4" failures="0" tests="1" name="testRunner.TestngTestRunner" time="28.786" errors="0" timestamp="2024-03-06T11:42:31 IST" skipped="0">
  <testcase classname="testRunner.TestngTestRunner" name="runScenario" time="28.786"/>
  <system-out/>
</testsuite> <!-- testRunner.TestngTestRunner -->
